<?xml version="1.0" encoding="UTF-8"?>
<!-- Generated by org.testng.reporters.JUnitReportReporter -->
<testsuite skipped="0" hostname="UK1LPT82" name="Collinson.VendingMachineProgram.VendingMachineTest" tests="7" failures="0" timestamp="2020-12-10T20:30:56 GMT" time="0.020" errors="0">
  <testcase name="testBuyItemWithExactPrice" time="0.010" classname="Collinson.VendingMachineProgram.VendingMachineTest"/>
  <system-out/>
  <testcase name="testBuyItemWithMorePrice" time="0.002" classname="Collinson.VendingMachineProgram.VendingMachineTest"/>
  <system-out/>
  <testcase name="testRefund" time="0.001" classname="Collinson.VendingMachineProgram.VendingMachineTest"/>
  <system-out/>
  <testcase name="testBuyItemWithLessPrice" time="0.002" classname="Collinson.VendingMachineProgram.VendingMachineTest"/>
  <system-out/>
  <testcase name="testSoldOut" time="0.002" classname="Collinson.VendingMachineProgram.VendingMachineTest"/>
  <system-out/>
  <testcase name="testNotSufficientChangeException" time="0.001" classname="Collinson.VendingMachineProgram.VendingMachineTest"/>
  <system-out/>
  <testcase name="testReset" time="0.002" classname="Collinson.VendingMachineProgram.VendingMachineTest"/>
  <system-out/>
</testsuite> <!-- Collinson.VendingMachineProgram.VendingMachineTest -->
